<?xml version="1.0" encoding="UTF-8"?>
<!-- Generated by org.testng.reporters.JUnitReportReporter -->
<testsuite skipped="0" hostname="LAPTOP-SOVQ8MF1" name="com.callhub.flipkart.tests.HomepageTest" tests="3" failures="0" timestamp="19 May 2019 15:12:08 GMT" time="39.812" errors="0">
  <testcase name="verifyHomePageTitileTest" time="13.317" classname="com.callhub.flipkart.tests.HomepageTest"/>
  <testcase name="verifyCorrectSignIn" time="12.556" classname="com.callhub.flipkart.tests.HomepageTest"/>
  <testcase name="searchProduct" time="13.939" classname="com.callhub.flipkart.tests.HomepageTest"/>
</testsuite> <!-- com.callhub.flipkart.tests.HomepageTest -->
