<?xml version="1.0" encoding="UTF-8"?>
<!-- Generated by org.testng.reporters.JUnitReportReporter -->
<testsuite skipped="0" hostname="LAPTOP-SOVQ8MF1" name="com.callhub.flipkart.tests.ProductpageTest" tests="1" failures="0" timestamp="20 May 2019 16:17:19 GMT" time="21.128" errors="0">
  <testcase name="verifyCartAdditionfromProductPage" time="21.128" classname="com.callhub.flipkart.tests.ProductpageTest"/>
</testsuite> <!-- com.callhub.flipkart.tests.ProductpageTest -->
