<?xml version="1.0" encoding="UTF-8"?>
<!-- Generated by org.testng.reporters.JUnitReportReporter -->
<testsuite skipped="0" hostname="LAPTOP-SOVQ8MF1" name="com.callhub.flipkart.tests.CartPageTest" tests="3" failures="0" timestamp="20 May 2019 16:17:19 GMT" time="73.367" errors="0">
  <testcase name="ScreenshotCartPage" time="22.786" classname="com.callhub.flipkart.tests.CartPageTest"/>
  <testcase name="removeFromCart" time="27.480" classname="com.callhub.flipkart.tests.CartPageTest"/>
  <testcase name="logoutfromAppinCart" time="23.101" classname="com.callhub.flipkart.tests.CartPageTest"/>
</testsuite> <!-- com.callhub.flipkart.tests.CartPageTest -->
