<?xml version="1.0" encoding="UTF-8"?>
<!-- Generated by org.testng.reporters.JUnitReportReporter -->
<testsuite skipped="0" hostname="LAPTOP-SOVQ8MF1" name="com.callhub.flipkart.tests.HomepageTest" tests="3" failures="0" timestamp="19 May 2019 16:26:24 GMT" time="54.095" errors="0">
  <testcase name="verifyHomePageTitileTest" time="17.219" classname="com.callhub.flipkart.tests.HomepageTest"/>
  <testcase name="verifyCorrectSignIn" time="20.356" classname="com.callhub.flipkart.tests.HomepageTest"/>
  <testcase name="searchProduct" time="16.520" classname="com.callhub.flipkart.tests.HomepageTest"/>
</testsuite> <!-- com.callhub.flipkart.tests.HomepageTest -->
