<?xml version="1.0" encoding="UTF-8"?>
<!-- Generated by org.testng.reporters.JUnitReportReporter -->
<testsuite skipped="0" hostname="LAPTOP-SOVQ8MF1" name="com.callhub.flipkart.tests.ProductpageTest" tests="1" failures="0" timestamp="19 May 2019 17:04:47 GMT" time="20.109" errors="0">
  <testcase name="verifyCartAddition" time="20.109" classname="com.callhub.flipkart.tests.ProductpageTest"/>
</testsuite> <!-- com.callhub.flipkart.tests.ProductpageTest -->
