<?xml version="1.0" encoding="UTF-8"?>
<!-- Generated by org.testng.reporters.JUnitReportReporter -->
<testsuite skipped="0" hostname="LAPTOP-SOVQ8MF1" name="com.callhub.flipkart.tests.SearchPageTest" tests="2" failures="0" timestamp="21 May 2019 14:52:16 GMT" time="35.850" errors="0">
  <testcase name="countProductsOnPageinSearchPage" time="20.417" classname="com.callhub.flipkart.tests.SearchPageTest"/>
  <testcase name="clickonProductinSearchPage" time="15.433" classname="com.callhub.flipkart.tests.SearchPageTest"/>
</testsuite> <!-- com.callhub.flipkart.tests.SearchPageTest -->
