<?xml version="1.0" encoding="UTF-8"?>
<!-- Generated by org.testng.reporters.JUnitReportReporter -->
<testsuite skipped="0" hostname="LAPTOP-SOVQ8MF1" name="com.callhub.flipkart.tests.SearchPageTest" tests="2" failures="0" timestamp="19 May 2019 17:04:47 GMT" time="34.186" errors="0">
  <testcase name="countProductsOnPage" time="15.716" classname="com.callhub.flipkart.tests.SearchPageTest"/>
  <testcase name="clickonProduct" time="18.470" classname="com.callhub.flipkart.tests.SearchPageTest"/>
</testsuite> <!-- com.callhub.flipkart.tests.SearchPageTest -->
