<?xml version="1.0" encoding="UTF-8"?>
<!-- Generated by org.testng.reporters.JUnitReportReporter -->
<testsuite skipped="0" hostname="LAPTOP-SOVQ8MF1" name="com.callhub.flipkart.tests.HomepageTest" tests="3" failures="0" timestamp="19 May 2019 16:39:50 GMT" time="35.841" errors="0">
  <testcase name="verifyHomePageTitileTest" time="12.445" classname="com.callhub.flipkart.tests.HomepageTest"/>
  <testcase name="verifyCorrectSignIn" time="12.686" classname="com.callhub.flipkart.tests.HomepageTest"/>
  <testcase name="searchProduct" time="10.710" classname="com.callhub.flipkart.tests.HomepageTest"/>
</testsuite> <!-- com.callhub.flipkart.tests.HomepageTest -->
