<?xml version="1.0" encoding="UTF-8"?>
<!-- Generated by org.testng.reporters.JUnitReportReporter -->
<testsuite skipped="2" hostname="LAPTOP-SOVQ8MF1" name="com.callhub.flipkart.tests.CartPageTest" tests="5" failures="0" timestamp="19 May 2019 17:04:47 GMT" time="187.086" errors="0">
  <testcase name="ScreenshotPage" time="31.728" classname="com.callhub.flipkart.tests.CartPageTest"/>
  <testcase name="removeFromCart" time="50.429" classname="com.callhub.flipkart.tests.CartPageTest">
    <skipped/>
  </testcase> <!-- removeFromCart -->
  <testcase name="removeFromCart" time="32.938" classname="com.callhub.flipkart.tests.CartPageTest"/>
  <testcase name="removeFromCart" time="52.777" classname="com.callhub.flipkart.tests.CartPageTest">
    <skipped/>
  </testcase> <!-- removeFromCart -->
  <testcase name="logoutfromApp" time="19.214" classname="com.callhub.flipkart.tests.CartPageTest"/>
</testsuite> <!-- com.callhub.flipkart.tests.CartPageTest -->
