<?xml version="1.0" encoding="UTF-8"?>
<!-- Generated by org.testng.reporters.JUnitReportReporter -->
<testsuite skipped="0" hostname="LAPTOP-SOVQ8MF1" name="com.callhub.flipkart.tests.SearchPageTest" tests="2" failures="0" timestamp="20 May 2019 16:17:18 GMT" time="33.507" errors="0">
  <testcase name="countProductsOnPageinSearchPage" time="17.166" classname="com.callhub.flipkart.tests.SearchPageTest"/>
  <testcase name="clickonProductinSearchPage" time="16.341" classname="com.callhub.flipkart.tests.SearchPageTest"/>
</testsuite> <!-- com.callhub.flipkart.tests.SearchPageTest -->
