<?xml version="1.0" encoding="UTF-8"?>
<!-- Generated by org.testng.reporters.JUnitReportReporter -->
<testsuite skipped="0" hostname="LAPTOP-SOVQ8MF1" name="com.callhub.flipkart.tests.HomepageTest" tests="3" failures="0" timestamp="21 May 2019 14:52:16 GMT" time="58.856" errors="0">
  <testcase name="verifyHomePageTitileTest" time="16.378" classname="com.callhub.flipkart.tests.HomepageTest"/>
  <testcase name="verifyHomepageCorrectSignIn" time="19.770" classname="com.callhub.flipkart.tests.HomepageTest"/>
  <testcase name="searchProductFromHomepage" time="22.708" classname="com.callhub.flipkart.tests.HomepageTest"/>
</testsuite> <!-- com.callhub.flipkart.tests.HomepageTest -->
