<?xml version="1.0" encoding="UTF-8"?>
<!-- Generated by org.testng.reporters.JUnitReportReporter -->
<testsuite skipped="0" hostname="LAPTOP-SOVQ8MF1" name="com.callhub.flipkart.tests.SearchPageTest" tests="2" failures="0" timestamp="19 May 2019 16:26:24 GMT" time="45.937" errors="0">
  <testcase name="countProductsOnPage" time="20.913" classname="com.callhub.flipkart.tests.SearchPageTest"/>
  <testcase name="clickonProduct" time="25.024" classname="com.callhub.flipkart.tests.SearchPageTest"/>
</testsuite> <!-- com.callhub.flipkart.tests.SearchPageTest -->
