<?xml version="1.0" encoding="UTF-8"?>
<!-- Generated by org.testng.reporters.JUnitReportReporter -->
<testsuite skipped="0" hostname="LAPTOP-SOVQ8MF1" name="com.callhub.flipkart.tests.CartPageTest" tests="3" failures="0" timestamp="21 May 2019 14:52:16 GMT" time="72.806" errors="0">
  <testcase name="ScreenshotCartPage" time="22.701" classname="com.callhub.flipkart.tests.CartPageTest"/>
  <testcase name="removeFromCart" time="25.523" classname="com.callhub.flipkart.tests.CartPageTest"/>
  <testcase name="logoutfromAppinCart" time="24.582" classname="com.callhub.flipkart.tests.CartPageTest"/>
</testsuite> <!-- com.callhub.flipkart.tests.CartPageTest -->
