<?xml version="1.0" encoding="UTF-8"?>
<!-- Generated by org.testng.reporters.JUnitReportReporter -->
<testsuite skipped="0" hostname="LAPTOP-SOVQ8MF1" name="com.callhub.flipkart.tests.HomepageTest" tests="3" failures="0" timestamp="19 May 2019 15:26:34 GMT" time="39.454" errors="0">
  <testcase name="verifyHomePageTitileTest" time="14.517" classname="com.callhub.flipkart.tests.HomepageTest"/>
  <testcase name="verifyCorrectSignIn" time="10.160" classname="com.callhub.flipkart.tests.HomepageTest"/>
  <testcase name="searchProduct" time="14.777" classname="com.callhub.flipkart.tests.HomepageTest"/>
</testsuite> <!-- com.callhub.flipkart.tests.HomepageTest -->
