<?xml version="1.0" encoding="UTF-8"?>
<!-- Generated by org.testng.reporters.JUnitReportReporter -->
<testsuite skipped="1" hostname="LAPTOP-SOVQ8MF1" name="com.callhub.flipkart.tests.LoginPageTest" tests="2" failures="0" timestamp="20 May 2019 16:17:19 GMT" time="44.627" errors="0">
  <testcase name="LoginPageVerifyLogin" time="14.052" classname="com.callhub.flipkart.tests.LoginPageTest"/>
  <testcase name="LoginPageVerifyLogin" time="30.575" classname="com.callhub.flipkart.tests.LoginPageTest">
    <skipped/>
  </testcase> <!-- LoginPageVerifyLogin -->
</testsuite> <!-- com.callhub.flipkart.tests.LoginPageTest -->
