<?xml version="1.0" encoding="UTF-8"?>
<!-- Generated by org.testng.reporters.JUnitReportReporter -->
<testsuite skipped="0" hostname="LAPTOP-SOVQ8MF1" name="com.callhub.flipkart.tests.LoginPageTest" tests="1" failures="0" timestamp="21 May 2019 14:52:16 GMT" time="23.464" errors="0">
  <testcase name="LoginPageVerifyLogin" time="23.464" classname="com.callhub.flipkart.tests.LoginPageTest"/>
</testsuite> <!-- com.callhub.flipkart.tests.LoginPageTest -->
