<?xml version="1.0" encoding="UTF-8"?>
<!-- Generated by org.testng.reporters.JUnitReportReporter -->
<testsuite skipped="0" hostname="LAPTOP-SOVQ8MF1" name="com.callhub.flipkart.tests.HomepageTest" tests="3" failures="0" timestamp="20 May 2019 16:17:19 GMT" time="52.317" errors="0">
  <testcase name="verifyHomePageTitileTest" time="16.994" classname="com.callhub.flipkart.tests.HomepageTest"/>
  <testcase name="verifyHomepageCorrectSignIn" time="17.185" classname="com.callhub.flipkart.tests.HomepageTest"/>
  <testcase name="searchProductFromHomepage" time="18.138" classname="com.callhub.flipkart.tests.HomepageTest"/>
</testsuite> <!-- com.callhub.flipkart.tests.HomepageTest -->
