<?xml version="1.0" encoding="UTF-8"?>
<!-- Generated by org.testng.reporters.JUnitReportReporter -->
<testsuite skipped="0" hostname="LAPTOP-SOVQ8MF1" name="com.callhub.flipkart.tests.LoginPageTest" tests="1" failures="0" timestamp="19 May 2019 18:07:12 GMT" time="24.741" errors="0">
  <testcase name="verifyLogin" time="24.741" classname="com.callhub.flipkart.tests.LoginPageTest"/>
</testsuite> <!-- com.callhub.flipkart.tests.LoginPageTest -->
