<?xml version="1.0" encoding="UTF-8"?>
<!-- Generated by org.testng.reporters.JUnitReportReporter -->
<testsuite skipped="0" hostname="LAPTOP-SOVQ8MF1" name="com.callhub.flipkart.tests.LoginPageTest" tests="1" failures="0" timestamp="19 May 2019 17:04:47 GMT" time="19.326" errors="0">
  <testcase name="verifyLogin" time="19.326" classname="com.callhub.flipkart.tests.LoginPageTest"/>
</testsuite> <!-- com.callhub.flipkart.tests.LoginPageTest -->
