<?xml version="1.0" encoding="UTF-8"?>
<!-- Generated by org.testng.reporters.JUnitReportReporter -->
<testsuite skipped="0" hostname="LAPTOP-SOVQ8MF1" name="com.callhub.flipkart.tests.CartPageTest" tests="1" failures="0" timestamp="19 May 2019 16:44:11 GMT" time="24.461" errors="0">
  <testcase name="logoutfromApp" time="24.461" classname="com.callhub.flipkart.tests.CartPageTest"/>
</testsuite> <!-- com.callhub.flipkart.tests.CartPageTest -->
