<?xml version="1.0" encoding="UTF-8"?>
<!-- Generated by org.testng.reporters.JUnitReportReporter -->
<testsuite skipped="0" hostname="LAPTOP-SOVQ8MF1" name="com.callhub.flipkart.tests.HomepageTest" tests="3" failures="0" timestamp="19 May 2019 17:04:47 GMT" time="46.480" errors="0">
  <testcase name="verifyHomePageTitileTest" time="16.540" classname="com.callhub.flipkart.tests.HomepageTest"/>
  <testcase name="verifyCorrectSignIn" time="17.213" classname="com.callhub.flipkart.tests.HomepageTest"/>
  <testcase name="searchProduct" time="12.727" classname="com.callhub.flipkart.tests.HomepageTest"/>
</testsuite> <!-- com.callhub.flipkart.tests.HomepageTest -->
