<?xml version="1.0" encoding="UTF-8"?>
<!-- Generated by org.testng.reporters.JUnitReportReporter -->
<testsuite skipped="0" hostname="LAPTOP-SOVQ8MF1" name="com.callhub.flipkart.tests.CartPageTest" tests="3" failures="0" timestamp="20 May 2019 15:02:47 GMT" time="65.104" errors="0">
  <testcase name="ScreenshotPage" time="18.022" classname="com.callhub.flipkart.tests.CartPageTest"/>
  <testcase name="removeFromCart" time="20.442" classname="com.callhub.flipkart.tests.CartPageTest"/>
  <testcase name="logoutfromApp" time="26.640" classname="com.callhub.flipkart.tests.CartPageTest"/>
</testsuite> <!-- com.callhub.flipkart.tests.CartPageTest -->
